<?xml version="1.0" encoding="UTF-8"?>
<!-- Generated by org.testng.reporters.JUnitXMLReporter -->
<testsuite ignored="0" hostname="INLPF3L84Z0" failures="0" tests="6" name="Default test" time="10.605" errors="0" timestamp="2023-08-07T23:10:10 IST">
  <testcase classname="api.test.DataDrivenTests" name="testPostUser" time="3.882"/>
  <testcase classname="api.test.DataDrivenTests" name="testPostUser" time="1.181"/>
  <testcase classname="api.test.DataDrivenTests" name="testPostUser" time="1.141"/>
  <testcase classname="api.test.DataDrivenTests" name="testDeleteUser" time="1.113"/>
  <testcase classname="api.test.DataDrivenTests" name="testDeleteUser" time="1.217"/>
  <testcase classname="api.test.DataDrivenTests" name="testDeleteUser" time="1.143"/>
</testsuite> <!-- Default test -->
