<?xml version="1.0" encoding="UTF-8"?>
<!-- Generated by org.testng.reporters.JUnitXMLReporter -->
<testsuite ignored="0" hostname="INLPF3L84Z0" failures="0" tests="4" name="Test" time="7.634" errors="0" timestamp="2023-08-16T15:03:23 IST">
  <testcase classname="api.test.UserTests" name="testCreateUser" time="2.164"/>
  <testcase classname="api.test.UserTests" name="testGetUser" time="1.06"/>
  <testcase classname="api.test.UserTests" name="testUpdateUser" time="2.329"/>
  <testcase classname="api.test.UserTests" name="testDeleteUser" time="1.254"/>
</testsuite> <!-- Test -->
