<?xml version="1.0" encoding="UTF-8"?>
<!-- Generated by org.testng.reporters.JUnitXMLReporter -->
<testsuite ignored="0" hostname="INLPF3L84Z0" failures="0" tests="4" name="Test" time="8.255" errors="0" timestamp="2023-08-12T23:03:41 IST">
  <testcase classname="api.test.UserTests" name="testCreateUser" time="2.539"/>
  <testcase classname="api.test.UserTests" name="testGetUser" time="1.628"/>
  <testcase classname="api.test.UserTests" name="testUpdateUser" time="2.212"/>
  <testcase classname="api.test.UserTests" name="testDeleteUser" time="1.153"/>
</testsuite> <!-- Test -->
