<?xml version="1.0" encoding="UTF-8"?>
<testng-results ignored="0" total="4" passed="4" failed="0" skipped="0">
  <reporter-output>
  </reporter-output>
  <suite started-at="2023-08-12T23:03:33 IST" name="Suite" finished-at="2023-08-12T23:03:41 IST" duration-ms="8255">
    <groups>
    </groups>
    <test started-at="2023-08-12T23:03:33 IST" name="Test" finished-at="2023-08-12T23:03:41 IST" duration-ms="8255">
      <class name="api.test.UserTests">
        <test-method is-config="true" signature="setupData()[pri:0, instance:api.test.UserTests@32b260fa]" started-at="2023-08-12T23:03:33 IST" name="setupData" finished-at="2023-08-12T23:03:33 IST" duration-ms="528" status="PASS">
          <reporter-output>
          </reporter-output>
        </test-method> <!-- setupData -->
        <test-method signature="testCreateUser()[pri:1, instance:api.test.UserTests@32b260fa]" started-at="2023-08-12T23:03:33 IST" name="testCreateUser" finished-at="2023-08-12T23:03:36 IST" duration-ms="2539" status="PASS">
          <reporter-output>
          </reporter-output>
        </test-method> <!-- testCreateUser -->
        <test-method signature="testGetUser()[pri:2, instance:api.test.UserTests@32b260fa]" started-at="2023-08-12T23:03:36 IST" name="testGetUser" finished-at="2023-08-12T23:03:38 IST" duration-ms="1628" status="PASS">
          <reporter-output>
          </reporter-output>
        </test-method> <!-- testGetUser -->
        <test-method signature="testUpdateUser()[pri:3, instance:api.test.UserTests@32b260fa]" started-at="2023-08-12T23:03:38 IST" name="testUpdateUser" finished-at="2023-08-12T23:03:40 IST" duration-ms="2212" status="PASS">
          <reporter-output>
          </reporter-output>
        </test-method> <!-- testUpdateUser -->
        <test-method signature="testDeleteUser()[pri:4, instance:api.test.UserTests@32b260fa]" started-at="2023-08-12T23:03:40 IST" name="testDeleteUser" finished-at="2023-08-12T23:03:41 IST" duration-ms="1153" status="PASS">
          <reporter-output>
          </reporter-output>
        </test-method> <!-- testDeleteUser -->
      </class> <!-- api.test.UserTests -->
    </test> <!-- Test -->
  </suite> <!-- Suite -->
</testng-results>
