<?xml version="1.0" encoding="UTF-8"?>
<testng-results ignored="0" total="4" passed="4" failed="0" skipped="0">
  <reporter-output>
  </reporter-output>
  <suite started-at="2023-08-16T15:03:15 IST" name="Suite" finished-at="2023-08-16T15:03:23 IST" duration-ms="7634">
    <groups>
    </groups>
    <test started-at="2023-08-16T15:03:15 IST" name="Test" finished-at="2023-08-16T15:03:23 IST" duration-ms="7634">
      <class name="api.test.UserTests">
        <test-method is-config="true" signature="setupData()[pri:0, instance:api.test.UserTests@2eae8e6e]" started-at="2023-08-16T15:03:16 IST" name="setupData" finished-at="2023-08-16T15:03:16 IST" duration-ms="606" status="PASS">
          <reporter-output>
          </reporter-output>
        </test-method> <!-- setupData -->
        <test-method signature="testCreateUser()[pri:1, instance:api.test.UserTests@2eae8e6e]" started-at="2023-08-16T15:03:16 IST" name="testCreateUser" finished-at="2023-08-16T15:03:18 IST" duration-ms="2164" status="PASS">
          <reporter-output>
          </reporter-output>
        </test-method> <!-- testCreateUser -->
        <test-method signature="testGetUser()[pri:2, instance:api.test.UserTests@2eae8e6e]" started-at="2023-08-16T15:03:18 IST" name="testGetUser" finished-at="2023-08-16T15:03:20 IST" duration-ms="1060" status="PASS">
          <reporter-output>
          </reporter-output>
        </test-method> <!-- testGetUser -->
        <test-method signature="testUpdateUser()[pri:3, instance:api.test.UserTests@2eae8e6e]" started-at="2023-08-16T15:03:20 IST" name="testUpdateUser" finished-at="2023-08-16T15:03:22 IST" duration-ms="2329" status="PASS">
          <reporter-output>
          </reporter-output>
        </test-method> <!-- testUpdateUser -->
        <test-method signature="testDeleteUser()[pri:4, instance:api.test.UserTests@2eae8e6e]" started-at="2023-08-16T15:03:22 IST" name="testDeleteUser" finished-at="2023-08-16T15:03:23 IST" duration-ms="1254" status="PASS">
          <reporter-output>
          </reporter-output>
        </test-method> <!-- testDeleteUser -->
      </class> <!-- api.test.UserTests -->
    </test> <!-- Test -->
  </suite> <!-- Suite -->
</testng-results>
