<?xml version="1.0" encoding="UTF-8"?>
<testng-results ignored="0" total="4" passed="4" failed="0" skipped="0">
  <reporter-output>
  </reporter-output>
  <suite started-at="2023-08-12T22:59:56 IST" name="Suite" finished-at="2023-08-12T23:00:05 IST" duration-ms="8363">
    <groups>
    </groups>
    <test started-at="2023-08-12T22:59:56 IST" name="Test" finished-at="2023-08-12T23:00:05 IST" duration-ms="8363">
      <class name="api.test.UserTests">
        <test-method is-config="true" signature="setupData()[pri:0, instance:api.test.UserTests@2eae8e6e]" started-at="2023-08-12T22:59:56 IST" name="setupData" finished-at="2023-08-12T22:59:57 IST" duration-ms="595" status="PASS">
          <reporter-output>
          </reporter-output>
        </test-method> <!-- setupData -->
        <test-method signature="testCreateUser()[pri:1, instance:api.test.UserTests@2eae8e6e]" started-at="2023-08-12T22:59:57 IST" name="testCreateUser" finished-at="2023-08-12T23:00:00 IST" duration-ms="2951" status="PASS">
          <reporter-output>
          </reporter-output>
        </test-method> <!-- testCreateUser -->
        <test-method signature="testGetUser()[pri:2, instance:api.test.UserTests@2eae8e6e]" started-at="2023-08-12T23:00:00 IST" name="testGetUser" finished-at="2023-08-12T23:00:01 IST" duration-ms="1194" status="PASS">
          <reporter-output>
          </reporter-output>
        </test-method> <!-- testGetUser -->
        <test-method signature="testUpdateUser()[pri:3, instance:api.test.UserTests@2eae8e6e]" started-at="2023-08-12T23:00:01 IST" name="testUpdateUser" finished-at="2023-08-12T23:00:03 IST" duration-ms="2282" status="PASS">
          <reporter-output>
          </reporter-output>
        </test-method> <!-- testUpdateUser -->
        <test-method signature="testDeleteUser()[pri:4, instance:api.test.UserTests@2eae8e6e]" started-at="2023-08-12T23:00:03 IST" name="testDeleteUser" finished-at="2023-08-12T23:00:05 IST" duration-ms="1085" status="PASS">
          <reporter-output>
          </reporter-output>
        </test-method> <!-- testDeleteUser -->
      </class> <!-- api.test.UserTests -->
    </test> <!-- Test -->
  </suite> <!-- Suite -->
</testng-results>
